[DEBUG][21-04-10][org.apache.ibatis.logging.LogFactory]Logging initialized using 'class org.apache.ibatis.logging.log4j.Log4jImpl' adapter.
[DEBUG][21-04-10][org.apache.ibatis.datasource.pooled.PooledDataSource]PooledDataSource forcefully closed/removed all connections.
[DEBUG][21-04-10][org.apache.ibatis.datasource.pooled.PooledDataSource]PooledDataSource forcefully closed/removed all connections.
[DEBUG][21-04-10][org.apache.ibatis.datasource.pooled.PooledDataSource]PooledDataSource forcefully closed/removed all connections.
[DEBUG][21-04-10][org.apache.ibatis.datasource.pooled.PooledDataSource]PooledDataSource forcefully closed/removed all connections.
[DEBUG][21-04-10][org.apache.ibatis.transaction.jdbc.JdbcTransaction]Opening JDBC Connection
[DEBUG][21-04-10][org.apache.ibatis.datasource.pooled.PooledDataSource]Created connection 664070838.
[DEBUG][21-04-10][org.apache.ibatis.transaction.jdbc.JdbcTransaction]Setting autocommit to false on JDBC Connection [com.mysql.cj.jdbc.ConnectionImpl@2794eab6]
[DEBUG][21-04-10][com.mapper.UserMapper.getUserById]==>  Preparing: select * from mybatis.user where id=? 
[DEBUG][21-04-10][com.mapper.UserMapper.getUserById]==> Parameters: 1(Integer)
[DEBUG][21-04-10][com.mapper.UserMapper.getUserById]<==      Total: 1
[DEBUG][21-04-10][org.apache.ibatis.transaction.jdbc.JdbcTransaction]Resetting autocommit to true on JDBC Connection [com.mysql.cj.jdbc.ConnectionImpl@2794eab6]
[DEBUG][21-04-10][org.apache.ibatis.transaction.jdbc.JdbcTransaction]Closing JDBC Connection [com.mysql.cj.jdbc.ConnectionImpl@2794eab6]
[DEBUG][21-04-10][org.apache.ibatis.datasource.pooled.PooledDataSource]Returned connection 664070838 to pool.
[DEBUG][21-04-10][org.apache.ibatis.logging.LogFactory]Logging initialized using 'class org.apache.ibatis.logging.log4j.Log4jImpl' adapter.
[DEBUG][21-04-10][org.apache.ibatis.datasource.pooled.PooledDataSource]PooledDataSource forcefully closed/removed all connections.
[DEBUG][21-04-10][org.apache.ibatis.datasource.pooled.PooledDataSource]PooledDataSource forcefully closed/removed all connections.
[DEBUG][21-04-10][org.apache.ibatis.datasource.pooled.PooledDataSource]PooledDataSource forcefully closed/removed all connections.
[DEBUG][21-04-10][org.apache.ibatis.datasource.pooled.PooledDataSource]PooledDataSource forcefully closed/removed all connections.
[DEBUG][21-04-10][org.apache.ibatis.transaction.jdbc.JdbcTransaction]Opening JDBC Connection
[DEBUG][21-04-10][org.apache.ibatis.datasource.pooled.PooledDataSource]Created connection 664070838.
[DEBUG][21-04-10][org.apache.ibatis.transaction.jdbc.JdbcTransaction]Setting autocommit to false on JDBC Connection [com.mysql.cj.jdbc.ConnectionImpl@2794eab6]
[DEBUG][21-04-10][com.mapper.UserMapper.getUserById]==>  Preparing: select * from mybatis.user where id=? 
[DEBUG][21-04-10][com.mapper.UserMapper.getUserById]==> Parameters: 1(Integer)
[DEBUG][21-04-10][com.mapper.UserMapper.getUserById]<==      Total: 1
[DEBUG][21-04-10][org.apache.ibatis.transaction.jdbc.JdbcTransaction]Resetting autocommit to true on JDBC Connection [com.mysql.cj.jdbc.ConnectionImpl@2794eab6]
[DEBUG][21-04-10][org.apache.ibatis.transaction.jdbc.JdbcTransaction]Closing JDBC Connection [com.mysql.cj.jdbc.ConnectionImpl@2794eab6]
[DEBUG][21-04-10][org.apache.ibatis.datasource.pooled.PooledDataSource]Returned connection 664070838 to pool.
[DEBUG][21-04-10][org.apache.ibatis.logging.LogFactory]Logging initialized using 'class org.apache.ibatis.logging.log4j.Log4jImpl' adapter.
[DEBUG][21-04-10][org.apache.ibatis.datasource.pooled.PooledDataSource]PooledDataSource forcefully closed/removed all connections.
[DEBUG][21-04-10][org.apache.ibatis.datasource.pooled.PooledDataSource]PooledDataSource forcefully closed/removed all connections.
[DEBUG][21-04-10][org.apache.ibatis.datasource.pooled.PooledDataSource]PooledDataSource forcefully closed/removed all connections.
[DEBUG][21-04-10][org.apache.ibatis.datasource.pooled.PooledDataSource]PooledDataSource forcefully closed/removed all connections.
[DEBUG][21-04-10][org.apache.ibatis.transaction.jdbc.JdbcTransaction]Opening JDBC Connection
[DEBUG][21-04-10][org.apache.ibatis.datasource.pooled.PooledDataSource]Created connection 1183231938.
[DEBUG][21-04-10][org.apache.ibatis.transaction.jdbc.JdbcTransaction]Setting autocommit to false on JDBC Connection [com.mysql.cj.jdbc.ConnectionImpl@4686afc2]
[DEBUG][21-04-10][com.mapper.UserMapper.addUser]==>  Preparing: insert into mybatis.user(id,username,pwd) values(?,?,?) 
[DEBUG][21-04-10][com.mapper.UserMapper.addUser]==> Parameters: 11(Integer), liaojinhu(String), 654987(String)
[DEBUG][21-04-10][com.mapper.UserMapper.addUser]<==    Updates: 1
[DEBUG][21-04-10][org.apache.ibatis.transaction.jdbc.JdbcTransaction]Committing JDBC Connection [com.mysql.cj.jdbc.ConnectionImpl@4686afc2]
[DEBUG][21-04-10][org.apache.ibatis.transaction.jdbc.JdbcTransaction]Resetting autocommit to true on JDBC Connection [com.mysql.cj.jdbc.ConnectionImpl@4686afc2]
[DEBUG][21-04-10][org.apache.ibatis.transaction.jdbc.JdbcTransaction]Closing JDBC Connection [com.mysql.cj.jdbc.ConnectionImpl@4686afc2]
[DEBUG][21-04-10][org.apache.ibatis.datasource.pooled.PooledDataSource]Returned connection 1183231938 to pool.
